<?xml version="1.0" encoding="UTF-8"?>
<!-- Generated by org.testng.reporters.JUnitXMLReporter -->
<testsuite hostname="DESKTOP-KHB48LB" ignored="1" name="Default test(failed)" tests="1" failures="0" timestamp="2022-02-23T12:28:55 IST" time="8.651" errors="0">
  <testcase name="lib2" time="5.169" classname="Automation_ramp.liberian_tech"/>
  <testcase name="test3" time="0.0" classname="Automation_ramp.liberian_tech">
    <ignored/>
  </testcase> <!-- test3 -->
</testsuite> <!-- Default test(failed) -->
