<?xml version="1.0" encoding="UTF-8"?>
<!-- Generated by org.testng.reporters.JUnitXMLReporter -->
<testsuite hostname="DESKTOP-KHB48LB" ignored="0" name="Default test" tests="5" failures="0" timestamp="2022-03-11T17:51:45 IST" time="75.281" errors="0">
  <testcase name="domain" time="0.18" classname="mobilecare.mobilecare"/>
  <testcase name="register" time="5.187" classname="mobilecare.mobilecare"/>
  <testcase name="login" time="26.409" classname="mobilecare.mobilecare"/>
  <testcase name="contacts" time="32.462" classname="mobilecare.mobilecare"/>
  <testcase name="temp" time="8.202" classname="mobilecare.mobilecare"/>
</testsuite> <!-- Default test -->
